---------------Start of Run: 20 , Budget: 2  -------------

         CityMPG+    HighwayMPG+    Weight-    Class-    Avg evals
-----  ----------  -------------  ---------  --------  -----------
all            21             28       3040      17.7            0
sway1        27.9          33.75    2095.25     9.275            5
xpln1        28.7           33.9    2217.75    10.165            5
sway2        24.1          30.65     2311.5     9.605          1.5
xpln2        25.2          31.35       2554    12.255          1.5
top            39             43       1695       8.4           93

                CityMPG+    HighwayMPG+    Weight-    Class-
--------------  ----------  -------------  ---------  --------
all to all      =           =              =          =
all to sway1    ≠           ≠              ≠          ≠
all to sway2    ≠           ≠              ≠          ≠
sway1 to sway2  ≠           ≠              ≠          ≠
sway1 to xpln1  ≠           ≠              ≠          ≠
sway2 to xpln2  ≠           ≠              ≠          ≠
sway1 to top    ≠           ≠              ≠          ≠
---------------End of Run: 20 , Budget: 2  -------------

---------------Start of Run: 20 , Budget: 4  -------------

         CityMPG+    HighwayMPG+    Weight-    Class-    Avg evals
-----  ----------  -------------  ---------  --------  -----------
all            21             28       3040      17.7            0
sway1        29.6          34.75       2216     9.525            5
xpln1       29.05           34.5     2249.5     9.875            5
sway2        25.6           31.7     2335.5      9.84            2
xpln2        27.1          32.25    2425.25    10.595            2
top            39             43       1965       8.4           93

                CityMPG+    HighwayMPG+    Weight-    Class-
--------------  ----------  -------------  ---------  --------
all to all      =           =              =          =
all to sway1    ≠           ≠              ≠          ≠
all to sway2    ≠           ≠              ≠          ≠
sway1 to sway2  ≠           ≠              ≠          ≠
sway1 to xpln1  ≠           ≠              ≠          ≠
sway2 to xpln2  ≠           ≠              ≠          ≠
sway1 to top    ≠           ≠              ≠          ≠
---------------End of Run: 20 , Budget: 4  -------------

---------------Start of Run: 20 , Budget: 6  -------------

         CityMPG+    HighwayMPG+    Weight-    Class-    Avg evals
-----  ----------  -------------  ---------  --------  -----------
all            21             28       3040      17.7            0
sway1          29          33.75       2256     9.485            4
xpln1       28.65          33.55       2315     9.865            4
sway2       26.35           32.6    2465.25    12.145          2.2
xpln2        27.2          32.05     2486.5     11.44          2.2
top            33             41       2045       8.6           93

                CityMPG+    HighwayMPG+    Weight-    Class-
--------------  ----------  -------------  ---------  --------
all to all      =           =              =          =
all to sway1    ≠           ≠              ≠          ≠
all to sway2    ≠           ≠              ≠          ≠
sway1 to sway2  ≠           ≠              ≠          ≠
sway1 to xpln1  ≠           ≠              ≠          ≠
sway2 to xpln2  ≠           ≠              ≠          ≠
sway1 to top    ≠           ≠              ≠          ≠
---------------End of Run: 20 , Budget: 6  -------------

---------------Start of Run: 20 , Budget: 8  -------------

         CityMPG+    HighwayMPG+    Weight-    Class-    Avg evals
-----  ----------  -------------  ---------  --------  -----------
all            21             28       3040      17.7            0
sway1        28.4             34    2228.25     9.105            4
xpln1       28.85          33.25    2343.25    10.355            4
sway2       28.35           33.5       2337      9.93            0
xpln2        28.4           32.7    2378.25     10.67            0
top            32             37       2045       8.4           93

                CityMPG+    HighwayMPG+    Weight-    Class-
--------------  ----------  -------------  ---------  --------
all to all      =           =              =          =
all to sway1    ≠           ≠              ≠          ≠
all to sway2    ≠           ≠              ≠          ≠
sway1 to sway2  ≠           ≠              ≠          ≠
sway1 to xpln1  ≠           ≠              ≠          ≠
sway2 to xpln2  ≠           ≠              ≠          ≠
sway1 to top    ≠           ≠              ≠          ≠
---------------End of Run: 20 , Budget: 8  -------------

---------------Start of Run: 20 , Budget: 10  -------------

         CityMPG+    HighwayMPG+    Weight-    Class-    Avg evals
-----  ----------  -------------  ---------  --------  -----------
all            21             28       3040      17.7            0
sway1       28.05           33.5    2303.25     9.315            4
xpln1        28.9           33.1     2317.5     9.885            4
sway2        27.8          33.55    2358.25      9.93            0
xpln2       28.45          33.25     2399.5    11.115            0
top            31             37       2055       8.6           93

                CityMPG+    HighwayMPG+    Weight-    Class-
--------------  ----------  -------------  ---------  --------
all to all      =           =              =          =
all to sway1    ≠           ≠              ≠          ≠
all to sway2    ≠           ≠              ≠          ≠
sway1 to sway2  ≠           ≠              ≠          ≠
sway1 to xpln1  ≠           ≠              ≠          ≠
sway2 to xpln2  ≠           ≠              ≠          ≠
sway1 to top    ≠           ≠              ≠          ≠
---------------End of Run: 20 , Budget: 10  -------------

---------------Start of Run: 20 , Best: 1  -------------

         CityMPG+    HighwayMPG+    Weight-    Class-    Avg evals
-----  ----------  -------------  ---------  --------  -----------
all            21             28       3040      17.7            0
sway1       42.85          46.65     1758.5      8.31            4
xpln1        29.5          35.25    1871.25      9.02            4
sway2          46             50       1695       8.4            0
xpln2          30             36       1695       8.4            0
top            46             50       1695       8.4           93

                CityMPG+    HighwayMPG+    Weight-    Class-
--------------  ----------  -------------  ---------  --------
all to all      =           =              =          =
all to sway1    ≠           ≠              ≠          ≠
all to sway2    ≠           ≠              ≠          ≠
sway1 to sway2  ≠           ≠              ≠          ≠
sway1 to xpln1  ≠           ≠              ≠          ≠
sway2 to xpln2  ≠           ≠              ≠          ≠
sway1 to top    ≠           ≠              ≠          ≠
---------------End of Run: 20 , Best: 1  -------------