---------------Start of Run: 20 , Budget: 5  -------------

          LOC+    AEXP-    PLEX-    RISK-    EFFORT-    Avg evals
-----  -------  -------  -------  -------  ---------  -----------
all    1042.13        3        3  5.13333    19250.6            0
sway1   1169.2        3      2.8  3.73333    19036.1            6
xpln1  1051.73  2.93333        3  4.66667    21033.8            6
sway2   1427.8      2.2  2.53333  4.06667    48250.5            3
xpln2  1064.73  2.93333        3      5.4    19241.7            3
top       1543        1        1        3      27666         1000

                LOC+    AEXP-    PLEX-    RISK-    EFFORT-
--------------  ------  -------  -------  -------  ---------
all to all      =       =        =        =        =
all to sway1    =       ≠        ≠        ≠        ≠
all to sway2    ≠       ≠        =        ≠        ≠
sway1 to sway2  ≠       ≠        ≠        ≠        ≠
sway1 to xpln1  ≠       ≠        ≠        ≠        ≠
sway2 to xpln2  ≠       ≠        ≠        ≠        ≠
sway1 to top    ≠       ≠        ≠        ≠        ≠
sway2 to top    ≠       ≠        ≠        ≠        ≠
---------------End of Run: 20 , Budget: 5  -------------

---------------Start of Run: 20 , Budget: 10  -------------

          LOC+    AEXP-    PLEX-    RISK-    EFFORT-    Avg evals
-----  -------  -------  -------  -------  ---------  -----------
all    1057.23        3        3        5    19467.7            0
sway1  958.846  2.61538  2.76923  2.92308    14239.8            6
xpln1  1051.69  2.92308  3.07692  4.76923    18466.3            6
sway2  1010.38  2.76923        3  3.38462    19296.9            0
xpln2  1056.46  2.92308  2.92308  4.76923    18199.5            0
top       1673        2        1        1      27666         1000

                LOC+    AEXP-    PLEX-    RISK-    EFFORT-
--------------  ------  -------  -------  -------  ---------
all to all      =       =        =        =        =
all to sway1    ≠       =        ≠        ≠        ≠
all to sway2    ≠       ≠        ≠        ≠        ≠
sway1 to sway2  ≠       ≠        ≠        ≠        ≠
sway1 to xpln1  ≠       ≠        ≠        ≠        ≠
sway2 to xpln2  ≠       ≠        ≠        ≠        ≠
sway1 to top    ≠       ≠        ≠        ≠        ≠
sway2 to top    ≠       ≠        ≠        ≠        ≠
---------------End of Run: 20 , Budget: 10  -------------

---------------Start of Run: 20 , Budget: 20  -------------

          LOC+    AEXP-    PLEX-    RISK-    EFFORT-    Avg evals
-----  -------  -------  -------  -------  ---------  -----------
all    1069.22        3        3  5.05556    19648.1            0
sway1  1039.11  2.66667  2.88889  3.22222    18297.8            6
xpln1  998.278        3  2.88889  5.05556    17801.5            6
sway2  993.611  2.55556  3.11111  2.16667    27628.9            2
xpln2  1086.22        3        3  4.11111      19961            2
top       1543        2        1        3      31323         1000

                LOC+    AEXP-    PLEX-    RISK-    EFFORT-
--------------  ------  -------  -------  -------  ---------
all to all      =       =        =        =        =
all to sway1    ≠       ≠        ≠        ≠        ≠
all to sway2    ≠       ≠        ≠        ≠        ≠
sway1 to sway2  ≠       ≠        ≠        ≠        ≠
sway1 to xpln1  ≠       ≠        ≠        ≠        ≠
sway2 to xpln2  ≠       ≠        ≠        ≠        ≠
sway1 to top    ≠       ≠        ≠        ≠        ≠
sway2 to top    ≠       ≠        ≠        ≠        ≠
---------------End of Run: 20 , Budget: 20  -------------


---------------Start of Run: 20 , Best: 1  -------------

          LOC+    AEXP-    PLEX-    RISK-    EFFORT-    Avg evals
-----  -------  -------  -------  -------  ---------  -----------
all    1067.12        3        3    5.125    19421.6            0
sway1     1456   2.0625   1.5625   3.4375      26419       6.0625
xpln1  1061.75   2.9375        3     4.75    19611.4       6.0625
sway2     1037        2        1        4      24987       2.9375
xpln2  1046.69        3        3   4.6875      20549       2.9375
top       1942        1        2        3      31323         1000

                LOC+    AEXP-    PLEX-    RISK-    EFFORT-
--------------  ------  -------  -------  -------  ---------
all to all      ≠       =        =        =        ≠
all to sway1    ≠       ≠        ≠        ≠        ≠
all to sway2    ≠       ≠        ≠        ≠        ≠
sway1 to sway2  ≠       ≠        ≠        ≠        ≠
sway1 to xpln1  ≠       ≠        ≠        ≠        ≠
sway2 to xpln2  ≠       ≠        ≠        ≠        ≠
sway1 to top    ≠       ≠        ≠        ≠        ≠
sway2 to top    ≠       ≠        ≠        ≠        ≠
---------------End of Run: 20 , Best: 20  -------------