---------------Start of Run: 20 , Budget: 5  -------------

          MRE-     ACC+    PRED40+    Avg evals
-----  -------  -------  ---------  -----------
all    119.267  -12.236          0            0
sway1   25.169   -0.165    62.4975            8
xpln1   10.989  -0.6725    70.8305            8
sway2  30.2635   -0.256     58.331         1.75
xpln2   16.017  -0.7835     66.664         1.75
top          0        0      83.33         1000

                MRE-    ACC+    PRED40+
--------------  ------  ------  ---------
all to all      ≠       =       =
all to sway1    ≠       ≠       ≠
all to sway2    ≠       ≠       ≠
sway1 to sway2  ≠       ≠       ≠
sway1 to xpln1  ≠       ≠       ≠
sway2 to xpln2  ≠       ≠       ≠
sway1 to top    ≠       ≠       ≠
sway2 to top    ≠       ≠       ≠
---------------End of Run: 20 , Budget: 5  -------------

---------------Start of Run: 20 , Budget: 10  -------------

         MRE-      ACC+    PRED40+    Avg evals
-----  ------  --------  ---------  -----------
all    119.29  -12.2395          0            0
sway1  5.0315    -0.112     66.664            8
xpln1       0         0      83.33            8
sway2   15.09    -0.153    62.4975         2.25
xpln2       0         0      83.33         2.25
top         0         0      83.33         1000

                MRE-    ACC+    PRED40+
--------------  ------  ------  ---------
all to all      =       =       =
all to sway1    ≠       ≠       ≠
all to sway2    ≠       ≠       ≠
sway1 to sway2  ≠       ≠       ≠
sway1 to xpln1  ≠       ≠       ≠
sway2 to xpln2  ≠       ≠       ≠
sway1 to top    ≠       ≠       ≠
sway2 to top    ≠       ≠       ≠
---------------End of Run: 20 , Budget: 10  -------------


---------------Start of Run: 20 , Budget: 20  -------------

          MRE-     ACC+    PRED40+    Avg evals
-----  -------  -------  ---------  -----------
all    119.308  -12.218          0            0
sway1   5.0295   -0.029    79.1635            8
xpln1    5.025  -0.0245    79.1635            8
sway2   10.065  -0.0985    70.8305          1.9
xpln2        0        0      83.33          1.9
top          0        0      83.33         1000

                MRE-    ACC+    PRED40+
--------------  ------  ------  ---------
all to all      =       =       =
all to sway1    ≠       ≠       ≠
all to sway2    ≠       ≠       ≠
sway1 to sway2  ≠       ≠       ≠
sway1 to xpln1  ≠       ≠       ≠
sway2 to xpln2  ≠       ≠       ≠
sway1 to top    ≠       ≠       ≠
sway2 to top    ≠       ≠       ≠
---------------End of Run: 20 , Budget: 20  -------------

---------------Start of Run: 20 , Best: 1  -------------

          MRE-      ACC+    PRED40+    Avg evals
-----  -------  --------  ---------  -----------
all      119.3  -12.2225          0            0
sway1        0         0      83.33            8
xpln1  119.126  -12.1558          0            8
sway2        0         0      83.33      2.33333
xpln2  107.472  -10.1233    6.94417      2.33333
top          0         0      83.33         1000

                MRE-    ACC+    PRED40+
--------------  ------  ------  ---------
all to all      =       =       =
all to sway1    ≠       ≠       ≠
all to sway2    ≠       ≠       ≠
sway1 to sway2  ≠       ≠       ≠
sway1 to xpln1  ≠       ≠       ≠
sway2 to xpln2  ≠       ≠       ≠
sway1 to top    ≠       ≠       ≠
sway2 to top    ≠       ≠       ≠
---------------End of Run: 20 , Best: 1  -------------